Determining if the pthread_create exist failed with the following output:
Change Dir: /home/kelsier/Repositories/rosmod-samples/publish-subscribe/01-Software/software/build/CMakeFiles/CMakeTmp

Run Build Command:/usr/bin/make "cmTryCompileExec4033496977/fast"
/usr/bin/make -f CMakeFiles/cmTryCompileExec4033496977.dir/build.make CMakeFiles/cmTryCompileExec4033496977.dir/build
make[1]: Entering directory `/home/kelsier/Repositories/rosmod-samples/publish-subscribe/01-Software/software/build/CMakeFiles/CMakeTmp'
/usr/bin/cmake -E cmake_progress_report /home/kelsier/Repositories/rosmod-samples/publish-subscribe/01-Software/software/build/CMakeFiles/CMakeTmp/CMakeFiles 1
Building C object CMakeFiles/cmTryCompileExec4033496977.dir/CheckSymbolExists.c.o
/usr/bin/cc    -o CMakeFiles/cmTryCompileExec4033496977.dir/CheckSymbolExists.c.o   -c /home/kelsier/Repositories/rosmod-samples/publish-subscribe/01-Software/software/build/CMakeFiles/CMakeTmp/CheckSymbolExists.c
Linking C executable cmTryCompileExec4033496977
/usr/bin/cmake -E cmake_link_script CMakeFiles/cmTryCompileExec4033496977.dir/link.txt --verbose=1
/usr/bin/cc       CMakeFiles/cmTryCompileExec4033496977.dir/CheckSymbolExists.c.o  -o cmTryCompileExec4033496977 -rdynamic 
CMakeFiles/cmTryCompileExec4033496977.dir/CheckSymbolExists.c.o: In function `main':
CheckSymbolExists.c:(.text+0x16): undefined reference to `pthread_create'
collect2: error: ld returned 1 exit status
make[1]: Leaving directory `/home/kelsier/Repositories/rosmod-samples/publish-subscribe/01-Software/software/build/CMakeFiles/CMakeTmp'
make[1]: *** [cmTryCompileExec4033496977] Error 1
make: *** [cmTryCompileExec4033496977/fast] Error 2

File /home/kelsier/Repositories/rosmod-samples/publish-subscribe/01-Software/software/build/CMakeFiles/CMakeTmp/CheckSymbolExists.c:
/* */
#include <pthread.h>

int main(int argc, char** argv)
{
  (void)argv;
#ifndef pthread_create
  return ((int*)(&pthread_create))[argc];
#else
  (void)argc;
  return 0;
#endif
}

Determining if the function pthread_create exists in the pthreads failed with the following output:
Change Dir: /home/kelsier/Repositories/rosmod-samples/publish-subscribe/01-Software/software/build/CMakeFiles/CMakeTmp

Run Build Command:/usr/bin/make "cmTryCompileExec3913638479/fast"
/usr/bin/make -f CMakeFiles/cmTryCompileExec3913638479.dir/build.make CMakeFiles/cmTryCompileExec3913638479.dir/build
make[1]: Entering directory `/home/kelsier/Repositories/rosmod-samples/publish-subscribe/01-Software/software/build/CMakeFiles/CMakeTmp'
/usr/bin/cmake -E cmake_progress_report /home/kelsier/Repositories/rosmod-samples/publish-subscribe/01-Software/software/build/CMakeFiles/CMakeTmp/CMakeFiles 1
Building C object CMakeFiles/cmTryCompileExec3913638479.dir/CheckFunctionExists.c.o
/usr/bin/cc   -DCHECK_FUNCTION_EXISTS=pthread_create   -o CMakeFiles/cmTryCompileExec3913638479.dir/CheckFunctionExists.c.o   -c /usr/share/cmake-2.8/Modules/CheckFunctionExists.c
Linking C executable cmTryCompileExec3913638479
/usr/bin/cmake -E cmake_link_script CMakeFiles/cmTryCompileExec3913638479.dir/link.txt --verbose=1
/usr/bin/cc   -DCHECK_FUNCTION_EXISTS=pthread_create    CMakeFiles/cmTryCompileExec3913638479.dir/CheckFunctionExists.c.o  -o cmTryCompileExec3913638479 -rdynamic -lpthreads 
/usr/bin/ld: cannot find -lpthreads
collect2: error: ld returned 1 exit status
make[1]: Leaving directory `/home/kelsier/Repositories/rosmod-samples/publish-subscribe/01-Software/software/build/CMakeFiles/CMakeTmp'
make[1]: *** [cmTryCompileExec3913638479] Error 1
make: *** [cmTryCompileExec3913638479/fast] Error 2


