Determining if the pthread_create exist failed with the following output:
Change Dir: /home/kelsier/Repositories/rosmod-samples/three-components/01-Software/software/build/CMakeFiles/CMakeTmp

Run Build Command:/usr/bin/make "cmTryCompileExec1630631689/fast"
/usr/bin/make -f CMakeFiles/cmTryCompileExec1630631689.dir/build.make CMakeFiles/cmTryCompileExec1630631689.dir/build
make[1]: Entering directory `/home/kelsier/Repositories/rosmod-samples/three-components/01-Software/software/build/CMakeFiles/CMakeTmp'
/usr/bin/cmake -E cmake_progress_report /home/kelsier/Repositories/rosmod-samples/three-components/01-Software/software/build/CMakeFiles/CMakeTmp/CMakeFiles 1
Building C object CMakeFiles/cmTryCompileExec1630631689.dir/CheckSymbolExists.c.o
/usr/bin/cc    -o CMakeFiles/cmTryCompileExec1630631689.dir/CheckSymbolExists.c.o   -c /home/kelsier/Repositories/rosmod-samples/three-components/01-Software/software/build/CMakeFiles/CMakeTmp/CheckSymbolExists.c
Linking C executable cmTryCompileExec1630631689
/usr/bin/cmake -E cmake_link_script CMakeFiles/cmTryCompileExec1630631689.dir/link.txt --verbose=1
/usr/bin/cc       CMakeFiles/cmTryCompileExec1630631689.dir/CheckSymbolExists.c.o  -o cmTryCompileExec1630631689 -rdynamic 
CMakeFiles/cmTryCompileExec1630631689.dir/CheckSymbolExists.c.o: In function `main':
CheckSymbolExists.c:(.text+0x16): undefined reference to `pthread_create'
collect2: error: ld returned 1 exit status
make[1]: Leaving directory `/home/kelsier/Repositories/rosmod-samples/three-components/01-Software/software/build/CMakeFiles/CMakeTmp'
make[1]: *** [cmTryCompileExec1630631689] Error 1
make: *** [cmTryCompileExec1630631689/fast] Error 2

File /home/kelsier/Repositories/rosmod-samples/three-components/01-Software/software/build/CMakeFiles/CMakeTmp/CheckSymbolExists.c:
/* */
#include <pthread.h>

int main(int argc, char** argv)
{
  (void)argv;
#ifndef pthread_create
  return ((int*)(&pthread_create))[argc];
#else
  (void)argc;
  return 0;
#endif
}

Determining if the function pthread_create exists in the pthreads failed with the following output:
Change Dir: /home/kelsier/Repositories/rosmod-samples/three-components/01-Software/software/build/CMakeFiles/CMakeTmp

Run Build Command:/usr/bin/make "cmTryCompileExec2941575828/fast"
/usr/bin/make -f CMakeFiles/cmTryCompileExec2941575828.dir/build.make CMakeFiles/cmTryCompileExec2941575828.dir/build
make[1]: Entering directory `/home/kelsier/Repositories/rosmod-samples/three-components/01-Software/software/build/CMakeFiles/CMakeTmp'
/usr/bin/cmake -E cmake_progress_report /home/kelsier/Repositories/rosmod-samples/three-components/01-Software/software/build/CMakeFiles/CMakeTmp/CMakeFiles 1
Building C object CMakeFiles/cmTryCompileExec2941575828.dir/CheckFunctionExists.c.o
/usr/bin/cc   -DCHECK_FUNCTION_EXISTS=pthread_create   -o CMakeFiles/cmTryCompileExec2941575828.dir/CheckFunctionExists.c.o   -c /usr/share/cmake-2.8/Modules/CheckFunctionExists.c
Linking C executable cmTryCompileExec2941575828
/usr/bin/cmake -E cmake_link_script CMakeFiles/cmTryCompileExec2941575828.dir/link.txt --verbose=1
/usr/bin/cc   -DCHECK_FUNCTION_EXISTS=pthread_create    CMakeFiles/cmTryCompileExec2941575828.dir/CheckFunctionExists.c.o  -o cmTryCompileExec2941575828 -rdynamic -lpthreads 
/usr/bin/ld: cannot find -lpthreads
collect2: error: ld returned 1 exit status
make[1]: Leaving directory `/home/kelsier/Repositories/rosmod-samples/three-components/01-Software/software/build/CMakeFiles/CMakeTmp'
make[1]: *** [cmTryCompileExec2941575828] Error 1
make: *** [cmTryCompileExec2941575828/fast] Error 2


