Determining if the pthread_create exist failed with the following output:
Change Dir: /home/kelsier/Repositories/rosmod-samples/client-server/01-Software/software/build/CMakeFiles/CMakeTmp

Run Build Command:/usr/bin/make "cmTryCompileExec131563859/fast"
/usr/bin/make -f CMakeFiles/cmTryCompileExec131563859.dir/build.make CMakeFiles/cmTryCompileExec131563859.dir/build
make[1]: Entering directory `/home/kelsier/Repositories/rosmod-samples/client-server/01-Software/software/build/CMakeFiles/CMakeTmp'
/usr/bin/cmake -E cmake_progress_report /home/kelsier/Repositories/rosmod-samples/client-server/01-Software/software/build/CMakeFiles/CMakeTmp/CMakeFiles 1
Building C object CMakeFiles/cmTryCompileExec131563859.dir/CheckSymbolExists.c.o
/usr/bin/cc    -o CMakeFiles/cmTryCompileExec131563859.dir/CheckSymbolExists.c.o   -c /home/kelsier/Repositories/rosmod-samples/client-server/01-Software/software/build/CMakeFiles/CMakeTmp/CheckSymbolExists.c
Linking C executable cmTryCompileExec131563859
/usr/bin/cmake -E cmake_link_script CMakeFiles/cmTryCompileExec131563859.dir/link.txt --verbose=1
/usr/bin/cc       CMakeFiles/cmTryCompileExec131563859.dir/CheckSymbolExists.c.o  -o cmTryCompileExec131563859 -rdynamic 
CMakeFiles/cmTryCompileExec131563859.dir/CheckSymbolExists.c.o: In function `main':
CheckSymbolExists.c:(.text+0x16): undefined reference to `pthread_create'
collect2: error: ld returned 1 exit status
make[1]: Leaving directory `/home/kelsier/Repositories/rosmod-samples/client-server/01-Software/software/build/CMakeFiles/CMakeTmp'
make[1]: *** [cmTryCompileExec131563859] Error 1
make: *** [cmTryCompileExec131563859/fast] Error 2

File /home/kelsier/Repositories/rosmod-samples/client-server/01-Software/software/build/CMakeFiles/CMakeTmp/CheckSymbolExists.c:
/* */
#include <pthread.h>

int main(int argc, char** argv)
{
  (void)argv;
#ifndef pthread_create
  return ((int*)(&pthread_create))[argc];
#else
  (void)argc;
  return 0;
#endif
}

Determining if the function pthread_create exists in the pthreads failed with the following output:
Change Dir: /home/kelsier/Repositories/rosmod-samples/client-server/01-Software/software/build/CMakeFiles/CMakeTmp

Run Build Command:/usr/bin/make "cmTryCompileExec188373594/fast"
/usr/bin/make -f CMakeFiles/cmTryCompileExec188373594.dir/build.make CMakeFiles/cmTryCompileExec188373594.dir/build
make[1]: Entering directory `/home/kelsier/Repositories/rosmod-samples/client-server/01-Software/software/build/CMakeFiles/CMakeTmp'
/usr/bin/cmake -E cmake_progress_report /home/kelsier/Repositories/rosmod-samples/client-server/01-Software/software/build/CMakeFiles/CMakeTmp/CMakeFiles 1
Building C object CMakeFiles/cmTryCompileExec188373594.dir/CheckFunctionExists.c.o
/usr/bin/cc   -DCHECK_FUNCTION_EXISTS=pthread_create   -o CMakeFiles/cmTryCompileExec188373594.dir/CheckFunctionExists.c.o   -c /usr/share/cmake-2.8/Modules/CheckFunctionExists.c
Linking C executable cmTryCompileExec188373594
/usr/bin/cmake -E cmake_link_script CMakeFiles/cmTryCompileExec188373594.dir/link.txt --verbose=1
/usr/bin/cc   -DCHECK_FUNCTION_EXISTS=pthread_create    CMakeFiles/cmTryCompileExec188373594.dir/CheckFunctionExists.c.o  -o cmTryCompileExec188373594 -rdynamic -lpthreads 
/usr/bin/ld: cannot find -lpthreads
collect2: error: ld returned 1 exit status
make[1]: Leaving directory `/home/kelsier/Repositories/rosmod-samples/client-server/01-Software/software/build/CMakeFiles/CMakeTmp'
make[1]: *** [cmTryCompileExec188373594] Error 1
make: *** [cmTryCompileExec188373594/fast] Error 2


