Determining if the pthread_create exist failed with the following output:
Change Dir: /home/jeb/Repositories/rosmod/tests/workspace/build/CMakeFiles/CMakeTmp

Run Build Command:/usr/bin/make "cmTryCompileExec3438205074/fast"
/usr/bin/make -f CMakeFiles/cmTryCompileExec3438205074.dir/build.make CMakeFiles/cmTryCompileExec3438205074.dir/build
make[1]: Entering directory '/home/jeb/Repositories/rosmod/tests/workspace/build/CMakeFiles/CMakeTmp'
/usr/bin/cmake -E cmake_progress_report /home/jeb/Repositories/rosmod/tests/workspace/build/CMakeFiles/CMakeTmp/CMakeFiles 1
Building C object CMakeFiles/cmTryCompileExec3438205074.dir/CheckSymbolExists.c.o
/usr/bin/cc    -o CMakeFiles/cmTryCompileExec3438205074.dir/CheckSymbolExists.c.o   -c /home/jeb/Repositories/rosmod/tests/workspace/build/CMakeFiles/CMakeTmp/CheckSymbolExists.c
Linking C executable cmTryCompileExec3438205074
/usr/bin/cmake -E cmake_link_script CMakeFiles/cmTryCompileExec3438205074.dir/link.txt --verbose=1
/usr/bin/cc       CMakeFiles/cmTryCompileExec3438205074.dir/CheckSymbolExists.c.o  -o cmTryCompileExec3438205074 -rdynamic 
CMakeFiles/cmTryCompileExec3438205074.dir/CheckSymbolExists.c.o: In function `main':
CheckSymbolExists.c:(.text+0x16): undefined reference to `pthread_create'
collect2: error: ld returned 1 exit status
CMakeFiles/cmTryCompileExec3438205074.dir/build.make:88: recipe for target 'cmTryCompileExec3438205074' failed
make[1]: *** [cmTryCompileExec3438205074] Error 1
make[1]: Leaving directory '/home/jeb/Repositories/rosmod/tests/workspace/build/CMakeFiles/CMakeTmp'
Makefile:114: recipe for target 'cmTryCompileExec3438205074/fast' failed
make: *** [cmTryCompileExec3438205074/fast] Error 2

File /home/jeb/Repositories/rosmod/tests/workspace/build/CMakeFiles/CMakeTmp/CheckSymbolExists.c:
/* */
#include <pthread.h>

int main(int argc, char** argv)
{
  (void)argv;
#ifndef pthread_create
  return ((int*)(&pthread_create))[argc];
#else
  (void)argc;
  return 0;
#endif
}

Determining if the function pthread_create exists in the pthreads failed with the following output:
Change Dir: /home/jeb/Repositories/rosmod/tests/workspace/build/CMakeFiles/CMakeTmp

Run Build Command:/usr/bin/make "cmTryCompileExec4081257474/fast"
/usr/bin/make -f CMakeFiles/cmTryCompileExec4081257474.dir/build.make CMakeFiles/cmTryCompileExec4081257474.dir/build
make[1]: Entering directory '/home/jeb/Repositories/rosmod/tests/workspace/build/CMakeFiles/CMakeTmp'
/usr/bin/cmake -E cmake_progress_report /home/jeb/Repositories/rosmod/tests/workspace/build/CMakeFiles/CMakeTmp/CMakeFiles 1
Building C object CMakeFiles/cmTryCompileExec4081257474.dir/CheckFunctionExists.c.o
/usr/bin/cc   -DCHECK_FUNCTION_EXISTS=pthread_create   -o CMakeFiles/cmTryCompileExec4081257474.dir/CheckFunctionExists.c.o   -c /usr/share/cmake-2.8/Modules/CheckFunctionExists.c
Linking C executable cmTryCompileExec4081257474
/usr/bin/cmake -E cmake_link_script CMakeFiles/cmTryCompileExec4081257474.dir/link.txt --verbose=1
/usr/bin/cc   -DCHECK_FUNCTION_EXISTS=pthread_create    CMakeFiles/cmTryCompileExec4081257474.dir/CheckFunctionExists.c.o  -o cmTryCompileExec4081257474 -rdynamic -lpthreads 
/usr/bin/ld: cannot find -lpthreads
collect2: error: ld returned 1 exit status
CMakeFiles/cmTryCompileExec4081257474.dir/build.make:88: recipe for target 'cmTryCompileExec4081257474' failed
make[1]: *** [cmTryCompileExec4081257474] Error 1
make[1]: Leaving directory '/home/jeb/Repositories/rosmod/tests/workspace/build/CMakeFiles/CMakeTmp'
Makefile:114: recipe for target 'cmTryCompileExec4081257474/fast' failed
make: *** [cmTryCompileExec4081257474/fast] Error 2


