Determining if the pthread_create exist failed with the following output:
Change Dir: /home/jeb/Repositories/rosmod/comm/build/CMakeFiles/CMakeTmp

Run Build Command:"/usr/bin/make" "cmTryCompileExec2599976594/fast"
/usr/bin/make -f CMakeFiles/cmTryCompileExec2599976594.dir/build.make CMakeFiles/cmTryCompileExec2599976594.dir/build
make[1]: Entering directory '/home/jeb/Repositories/rosmod/comm/build/CMakeFiles/CMakeTmp'
/usr/bin/cmake -E cmake_progress_report /home/jeb/Repositories/rosmod/comm/build/CMakeFiles/CMakeTmp/CMakeFiles 1
Building C object CMakeFiles/cmTryCompileExec2599976594.dir/CheckSymbolExists.c.o
/usr/bin/cc    -o CMakeFiles/cmTryCompileExec2599976594.dir/CheckSymbolExists.c.o   -c /home/jeb/Repositories/rosmod/comm/build/CMakeFiles/CMakeTmp/CheckSymbolExists.c
Linking C executable cmTryCompileExec2599976594
/usr/bin/cmake -E cmake_link_script CMakeFiles/cmTryCompileExec2599976594.dir/link.txt --verbose=1
/usr/bin/cc       CMakeFiles/cmTryCompileExec2599976594.dir/CheckSymbolExists.c.o  -o cmTryCompileExec2599976594 -rdynamic 
CMakeFiles/cmTryCompileExec2599976594.dir/CheckSymbolExists.c.o: In function `main':
CheckSymbolExists.c:(.text+0x16): undefined reference to `pthread_create'
collect2: error: ld returned 1 exit status
CMakeFiles/cmTryCompileExec2599976594.dir/build.make:88: recipe for target 'cmTryCompileExec2599976594' failed
make[1]: *** [cmTryCompileExec2599976594] Error 1
make[1]: Leaving directory '/home/jeb/Repositories/rosmod/comm/build/CMakeFiles/CMakeTmp'
Makefile:118: recipe for target 'cmTryCompileExec2599976594/fast' failed
make: *** [cmTryCompileExec2599976594/fast] Error 2

File /home/jeb/Repositories/rosmod/comm/build/CMakeFiles/CMakeTmp/CheckSymbolExists.c:
/* */
#include <pthread.h>

int main(int argc, char** argv)
{
  (void)argv;
#ifndef pthread_create
  return ((int*)(&pthread_create))[argc];
#else
  (void)argc;
  return 0;
#endif
}

Determining if the function pthread_create exists in the pthreads failed with the following output:
Change Dir: /home/jeb/Repositories/rosmod/comm/build/CMakeFiles/CMakeTmp

Run Build Command:"/usr/bin/make" "cmTryCompileExec1973958679/fast"
/usr/bin/make -f CMakeFiles/cmTryCompileExec1973958679.dir/build.make CMakeFiles/cmTryCompileExec1973958679.dir/build
make[1]: Entering directory '/home/jeb/Repositories/rosmod/comm/build/CMakeFiles/CMakeTmp'
/usr/bin/cmake -E cmake_progress_report /home/jeb/Repositories/rosmod/comm/build/CMakeFiles/CMakeTmp/CMakeFiles 1
Building C object CMakeFiles/cmTryCompileExec1973958679.dir/CheckFunctionExists.c.o
/usr/bin/cc   -DCHECK_FUNCTION_EXISTS=pthread_create   -o CMakeFiles/cmTryCompileExec1973958679.dir/CheckFunctionExists.c.o   -c /usr/share/cmake-3.0/Modules/CheckFunctionExists.c
Linking C executable cmTryCompileExec1973958679
/usr/bin/cmake -E cmake_link_script CMakeFiles/cmTryCompileExec1973958679.dir/link.txt --verbose=1
/usr/bin/cc   -DCHECK_FUNCTION_EXISTS=pthread_create    CMakeFiles/cmTryCompileExec1973958679.dir/CheckFunctionExists.c.o  -o cmTryCompileExec1973958679 -rdynamic -lpthreads 
/usr/bin/ld: cannot find -lpthreads
collect2: error: ld returned 1 exit status
CMakeFiles/cmTryCompileExec1973958679.dir/build.make:88: recipe for target 'cmTryCompileExec1973958679' failed
make[1]: *** [cmTryCompileExec1973958679] Error 1
make[1]: Leaving directory '/home/jeb/Repositories/rosmod/comm/build/CMakeFiles/CMakeTmp'
Makefile:118: recipe for target 'cmTryCompileExec1973958679/fast' failed
make: *** [cmTryCompileExec1973958679/fast] Error 2


Determining if the function trunc exists failed with the following output:
Change Dir: /home/jeb/Repositories/rosmod/comm/build/CMakeFiles/CMakeTmp

Run Build Command:"/usr/bin/make" "cmTryCompileExec519413581/fast"
/usr/bin/make -f CMakeFiles/cmTryCompileExec519413581.dir/build.make CMakeFiles/cmTryCompileExec519413581.dir/build
make[1]: Entering directory '/home/jeb/Repositories/rosmod/comm/build/CMakeFiles/CMakeTmp'
/usr/bin/cmake -E cmake_progress_report /home/jeb/Repositories/rosmod/comm/build/CMakeFiles/CMakeTmp/CMakeFiles 1
Building C object CMakeFiles/cmTryCompileExec519413581.dir/CheckFunctionExists.c.o
/usr/bin/cc   -DCHECK_FUNCTION_EXISTS=trunc   -o CMakeFiles/cmTryCompileExec519413581.dir/CheckFunctionExists.c.o   -c /usr/share/cmake-3.0/Modules/CheckFunctionExists.c
<command-line>:0:23: warning: conflicting types for built-in function ‘trunc’
/usr/share/cmake-3.0/Modules/CheckFunctionExists.c:3:6: note: in expansion of macro ‘CHECK_FUNCTION_EXISTS’
 char CHECK_FUNCTION_EXISTS();
      ^
Linking C executable cmTryCompileExec519413581
/usr/bin/cmake -E cmake_link_script CMakeFiles/cmTryCompileExec519413581.dir/link.txt --verbose=1
/usr/bin/cc   -DCHECK_FUNCTION_EXISTS=trunc    CMakeFiles/cmTryCompileExec519413581.dir/CheckFunctionExists.c.o  -o cmTryCompileExec519413581 -rdynamic 
CMakeFiles/cmTryCompileExec519413581.dir/CheckFunctionExists.c.o: In function `main':
CheckFunctionExists.c:(.text+0x15): undefined reference to `trunc'
collect2: error: ld returned 1 exit status
CMakeFiles/cmTryCompileExec519413581.dir/build.make:88: recipe for target 'cmTryCompileExec519413581' failed
make[1]: *** [cmTryCompileExec519413581] Error 1
make[1]: Leaving directory '/home/jeb/Repositories/rosmod/comm/build/CMakeFiles/CMakeTmp'
Makefile:118: recipe for target 'cmTryCompileExec519413581/fast' failed
make: *** [cmTryCompileExec519413581/fast] Error 2


